  Main.cpp
C:\Users\Tivra\OneDrive\Desktop\My Git\Minesweeper-Game-using-Cpp-and-SFML\Cell_Manager.cpp(211,15): warning C4244: 'initializing': conversion from 'T' to 'float', possible loss of data
          with
          [
              T=int
          ]
C:\Users\Tivra\OneDrive\Desktop\My Git\Minesweeper-Game-using-Cpp-and-SFML\Cell_Manager.cpp(212,15): warning C4244: 'initializing': conversion from 'T' to 'float', possible loss of data
          with
          [
              T=int
          ]
C:\Users\Tivra\OneDrive\Desktop\My Git\Minesweeper-Game-using-Cpp-and-SFML\Cell_Manager.cpp(246,15): warning C4244: 'initializing': conversion from 'T' to 'float', possible loss of data
          with
          [
              T=int
          ]
C:\Users\Tivra\OneDrive\Desktop\My Git\Minesweeper-Game-using-Cpp-and-SFML\Cell_Manager.cpp(247,15): warning C4244: 'initializing': conversion from 'T' to 'float', possible loss of data
          with
          [
              T=int
          ]
C:\Users\Tivra\OneDrive\Desktop\My Git\Minesweeper-Game-using-Cpp-and-SFML\UI_Manager.cpp(137,15): warning C4244: 'initializing': conversion from 'T' to 'float', possible loss of data
          with
          [
              T=int
          ]
C:\Users\Tivra\OneDrive\Desktop\My Git\Minesweeper-Game-using-Cpp-and-SFML\UI_Manager.cpp(138,15): warning C4244: 'initializing': conversion from 'T' to 'float', possible loss of data
          with
          [
              T=int
          ]
  Generating code
  Previous IPDB and IOBJ mismatch, fall back to full compilation.
  All 302 functions were compiled because no usable IPDB/IOBJ from previous compilation was found.
  Finished generating code
  MineSweeper Game.vcxproj -> C:\Users\Tivra\OneDrive\Desktop\My Git\Minesweeper-Game-using-Cpp-and-SFML\x64\Release\MineSweeper Game.exe
