  Main.cpp
C:\Users\Tivra\OneDrive\Desktop\My Git\Minesweeper-Game-using-Cpp-and-SFML\Cell_Manager.cpp(211,15): warning C4244: 'initializing': conversion from 'T' to 'float', possible loss of data
          with
          [
              T=int
          ]
C:\Users\Tivra\OneDrive\Desktop\My Git\Minesweeper-Game-using-Cpp-and-SFML\Cell_Manager.cpp(212,15): warning C4244: 'initializing': conversion from 'T' to 'float', possible loss of data
          with
          [
              T=int
          ]
C:\Users\Tivra\OneDrive\Desktop\My Git\Minesweeper-Game-using-Cpp-and-SFML\Cell_Manager.cpp(246,15): warning C4244: 'initializing': conversion from 'T' to 'float', possible loss of data
          with
          [
              T=int
          ]
C:\Users\Tivra\OneDrive\Desktop\My Git\Minesweeper-Game-using-Cpp-and-SFML\Cell_Manager.cpp(247,15): warning C4244: 'initializing': conversion from 'T' to 'float', possible loss of data
          with
          [
              T=int
          ]
C:\Users\Tivra\OneDrive\Desktop\My Git\Minesweeper-Game-using-Cpp-and-SFML\UI_Manager.cpp(115,15): warning C4244: 'initializing': conversion from 'T' to 'float', possible loss of data
          with
          [
              T=int
          ]
C:\Users\Tivra\OneDrive\Desktop\My Git\Minesweeper-Game-using-Cpp-and-SFML\UI_Manager.cpp(116,15): warning C4244: 'initializing': conversion from 'T' to 'float', possible loss of data
          with
          [
              T=int
          ]
  MineSweeper Game.vcxproj -> C:\Users\Tivra\OneDrive\Desktop\My Git\Minesweeper-Game-using-Cpp-and-SFML\x64\Debug\MineSweeper Game.exe
